<?xml version="1.0" encoding="UTF-8"?>
<!-- Generated by org.testng.reporters.JUnitReportReporter -->
<testsuite hostname="LAPTOP-G9FBSJPC" failures="0" tests="3" name="api.test.DataDrivenTest" time="5.036" errors="0" timestamp="2024-11-30T21:15:12 IST" skipped="0">
  <testcase classname="api.test.DataDrivenTest" name="createUsers" time="1.134"/>
  <testcase classname="api.test.DataDrivenTest" name="createUsers" time="1.186"/>
  <testcase classname="api.test.DataDrivenTest" name="createUsers" time="2.716"/>
</testsuite> <!-- api.test.DataDrivenTest -->
