<?xml version="1.0" encoding="UTF-8"?>
<!-- Generated by org.testng.reporters.JUnitReportReporter -->
<testsuite hostname="LAPTOP-G9FBSJPC" failures="0" tests="4" name="api.test.UserTests" time="8.021" errors="0" timestamp="2024-12-01T00:17:13 IST" skipped="0">
  <testcase classname="api.test.UserTests" name="createUser" time="2.997"/>
  <testcase classname="api.test.UserTests" name="getUserbyname" time="1.153"/>
  <testcase classname="api.test.UserTests" name="UpdateUserbyname" time="2.569"/>
  <testcase classname="api.test.UserTests" name="deleteUserbyName" time="1.302"/>
</testsuite> <!-- api.test.UserTests -->
