<?xml version="1.0" encoding="UTF-8"?>
<!-- Generated by org.testng.reporters.JUnitReportReporter -->
<testsuite hostname="LAPTOP-G9FBSJPC" failures="0" tests="4" name="api.test.UserTests2" time="6.895" errors="0" timestamp="2024-12-01T19:04:44 IST" skipped="0">
  <testcase classname="api.test.UserTests2" name="createUser" time="2.394"/>
  <testcase classname="api.test.UserTests2" name="getUserbyname" time="1.128"/>
  <testcase classname="api.test.UserTests2" name="UpdateUserbyname" time="2.247"/>
  <testcase classname="api.test.UserTests2" name="deleteUserbyName" time="1.126"/>
</testsuite> <!-- api.test.UserTests2 -->
