<?xml version="1.0" encoding="UTF-8"?>
<!-- Generated by org.testng.reporters.JUnitReportReporter -->
<testsuite hostname="LAPTOP-G9FBSJPC" failures="0" tests="4" name="api.test.UserTests2" time="7.091" errors="0" timestamp="2024-12-01T23:03:27 IST" skipped="0">
  <testcase classname="api.test.UserTests2" name="createUser" time="2.601"/>
  <testcase classname="api.test.UserTests2" name="getUserbyname" time="1.133"/>
  <testcase classname="api.test.UserTests2" name="UpdateUserbyname" time="2.270"/>
  <testcase classname="api.test.UserTests2" name="deleteUserbyName" time="1.087"/>
</testsuite> <!-- api.test.UserTests2 -->
